<!--
 file generated by qgraf-3.6.5

  output= 'output.out' ;
  style= 'tmp.sty' ;
  model = 'tmp.model';
  in= i6e755f65i[p1], i6e755f655f626172i[p2];
  out= i6e755f65i[p3], i6e755f655f626172i[p4];
  loops= 0;
  loop_momentum= l;
  options= notadpole,onshell;


 You must add x= and y= with suitable vertex positions.
 Some lines may need manual bending to render properly.
-->
<feynml>
 
 <diagram
          id="Diagram1"
          incoming="2"
          outgoing="2"
          sign="+"
          symmmetry_factor="1"
 >


  <vertex id="Vert1">
  </vertex>

  <vertex id="Vert2">
  </vertex>



  <leg id="In1">
        <name>i6e755f65i</name>
        <sense>incoming</sense>
        <target>Vert1</target>
        <momentum>
          <name>p1</name>
        </momentum>
  </leg>

  <leg id="In2">
        <name>i6e755f655f626172i</name>
        <sense>incoming</sense>
        <target>Vert1</target>
        <momentum>
          <name>p2</name>
        </momentum>
  </leg>



  <leg id="Out1">
        <name>i6e755f65i</name>
        <sense>outgoing</sense>
        <target>Vert2</target>
        <momentum>
          <name>p3</name>
        </momentum>
  </leg>

  <leg id="Out2">
        <name>i6e755f655f626172i</name>
        <sense>outgoing</sense>
        <target>Vert2</target>
        <momentum>
          <name>p4</name>
        </momentum>
  </leg>



  <propagator id="Prop1">
        <name>i5a5f30i</name>
        <source>Vert2</source>
        <target>Vert1</target>
        <momentum>
          <name>-p1-p2</name>
        </momentum>
  </propagator>


 </diagram>
 
 <diagram
          id="Diagram2"
          incoming="2"
          outgoing="2"
          sign="-"
          symmmetry_factor="1"
 >


  <vertex id="Vert1">
  </vertex>

  <vertex id="Vert2">
  </vertex>



  <leg id="In1">
        <name>i6e755f65i</name>
        <sense>incoming</sense>
        <target>Vert1</target>
        <momentum>
          <name>p1</name>
        </momentum>
  </leg>

  <leg id="In2">
        <name>i6e755f655f626172i</name>
        <sense>incoming</sense>
        <target>Vert2</target>
        <momentum>
          <name>p2</name>
        </momentum>
  </leg>



  <leg id="Out1">
        <name>i6e755f65i</name>
        <sense>outgoing</sense>
        <target>Vert1</target>
        <momentum>
          <name>p3</name>
        </momentum>
  </leg>

  <leg id="Out2">
        <name>i6e755f655f626172i</name>
        <sense>outgoing</sense>
        <target>Vert2</target>
        <momentum>
          <name>p4</name>
        </momentum>
  </leg>



  <propagator id="Prop1">
        <name>i5a5f30i</name>
        <source>Vert2</source>
        <target>Vert1</target>
        <momentum>
          <name>-p1+p3</name>
        </momentum>
  </propagator>


 </diagram>
</feynml>

<!-- end -->
